<?xml version="1.0" encoding="UTF-8"?>
<!-- Generated by org.testng.reporters.JUnitReportReporter -->
<testsuite hostname="VENKAT-PC" failures="0" tests="1" name="acedemy.Validatenavbar" time="96.184" errors="0" timestamp="2020-11-15T19:55:01 AST" skipped="0">
  <testcase classname="acedemy.Validatenavbar" name="basepagenavigation" time="96.184"/>
  <system-out/>
</testsuite> <!-- acedemy.Validatenavbar -->
