<?xml version="1.0" encoding="UTF-8"?>
<!-- Generated by org.testng.reporters.JUnitReportReporter -->
<testsuite hostname="VENKAT-PC" failures="0" tests="1" name="acedemy.ValidateTitle" time="0.000" errors="0" timestamp="2020-11-15T19:36:21 AST" skipped="1">
  <testcase classname="acedemy.ValidateTitle" name="basepagenavigation" time="0.000">
    <skipped/>
  </testcase> <!-- basepagenavigation -->
  <system-out/>
</testsuite> <!-- acedemy.ValidateTitle -->
